[debug] [2025-01-14T03:28:44.183Z] ----------------------------------------------------------------------
[debug] [2025-01-14T03:28:44.188Z] Command:       C:\Program Files\nodejs\node.exe C:\Users\User\AppData\Roaming\npm\node_modules\firebase-tools\lib\bin\firebase.js init
[debug] [2025-01-14T03:28:44.189Z] CLI Version:   13.29.1
[debug] [2025-01-14T03:28:44.190Z] Platform:      win32
[debug] [2025-01-14T03:28:44.190Z] Node Version:  v22.12.0
[debug] [2025-01-14T03:28:44.190Z] Time:          Tue Jan 14 2025 11:28:44 GMT+0800 (Malaysia Time)
[debug] [2025-01-14T03:28:44.191Z] ----------------------------------------------------------------------
[debug] 
[debug] [2025-01-14T03:28:44.198Z] >>> [apiv2][query] GET https://firebase-public.firebaseio.com/cli.json [none]
[debug] [2025-01-14T03:28:44.401Z] Field ".hosting" in "firebase.json" is possibly invalid: should be object
[debug] [2025-01-14T03:28:44.401Z] Object ".hosting[0]" in "firebase.json" is missing required property: {"missingProperty":"target"}
[debug] [2025-01-14T03:28:44.402Z] Object ".hosting[0]" in "firebase.json" is missing required property: {"missingProperty":"site"}
[debug] [2025-01-14T03:28:44.402Z] Field ".hosting[0]" in "firebase.json" is possibly invalid: should match some schema in anyOf
[debug] [2025-01-14T03:28:44.402Z] Field ".hosting" in "firebase.json" is possibly invalid: should match some schema in anyOf
[debug] [2025-01-14T03:28:44.413Z] > command requires scopes: ["email","openid","https://www.googleapis.com/auth/cloudplatformprojects.readonly","https://www.googleapis.com/auth/firebase","https://www.googleapis.com/auth/cloud-platform"]
[debug] [2025-01-14T03:28:44.414Z] > authorizing via signed-in user (nureenaleesya403@gmail.com)
[debug] [2025-01-14T03:28:44.415Z] Field ".hosting" in "firebase.json" is possibly invalid: should be object
[debug] [2025-01-14T03:28:44.416Z] Object ".hosting[0]" in "firebase.json" is missing required property: {"missingProperty":"target"}
[debug] [2025-01-14T03:28:44.416Z] Object ".hosting[0]" in "firebase.json" is missing required property: {"missingProperty":"site"}
[debug] [2025-01-14T03:28:44.416Z] Field ".hosting[0]" in "firebase.json" is possibly invalid: should match some schema in anyOf
[debug] [2025-01-14T03:28:44.416Z] Field ".hosting" in "firebase.json" is possibly invalid: should match some schema in anyOf
[info] 
     ######## #### ########  ######## ########     ###     ######  ########
     ##        ##  ##     ## ##       ##     ##  ##   ##  ##       ##
     ######    ##  ########  ######   ########  #########  ######  ######
     ##        ##  ##    ##  ##       ##     ## ##     ##       ## ##
     ##       #### ##     ## ######## ########  ##     ##  ######  ########

You're about to initialize a Firebase project in this directory:

  C:\Users\User\project\Angular\codelab-friendlyeats-web

Before we get started, keep in mind:

  * You are initializing within an existing Firebase project directory

[debug] [2025-01-14T03:28:45.528Z] <<< [apiv2][status] GET https://firebase-public.firebaseio.com/cli.json 200
[debug] [2025-01-14T03:28:45.529Z] <<< [apiv2][body] GET https://firebase-public.firebaseio.com/cli.json {"cloudBuildErrorAfter":1594252800000,"cloudBuildWarnAfter":1590019200000,"defaultNode10After":1594252800000,"minVersion":"3.0.5","node8DeploysDisabledAfter":1613390400000,"node8RuntimeDisabledAfter":1615809600000,"node8WarnAfter":1600128000000}
[info] 
=== Project Setup
[info] 
[info] First, let's associate this project directory with a Firebase project.
[info] You can create multiple project aliases by running firebase use --add, 
[info] but for now we'll just set up a default project.
[info] 
[debug] [2025-01-14T03:33:52.823Z] Using project from CLI flag: friendlychat-e0f4b
[debug] [2025-01-14T03:33:52.826Z] Checked if tokens are valid: false, expires at: 1735825693137
[debug] [2025-01-14T03:33:52.827Z] Checked if tokens are valid: false, expires at: 1735825693137
[debug] [2025-01-14T03:33:52.828Z] > refreshing access token with scopes: []
[debug] [2025-01-14T03:33:52.831Z] >>> [apiv2][query] POST https://www.googleapis.com/oauth2/v3/token [none]
[debug] [2025-01-14T03:33:52.831Z] >>> [apiv2][body] POST https://www.googleapis.com/oauth2/v3/token [omitted]
[debug] [2025-01-14T03:33:56.585Z] <<< [apiv2][status] POST https://www.googleapis.com/oauth2/v3/token 200
[debug] [2025-01-14T03:33:56.586Z] <<< [apiv2][body] POST https://www.googleapis.com/oauth2/v3/token [omitted]
[debug] [2025-01-14T03:33:56.616Z] >>> [apiv2][query] GET https://firebase.googleapis.com/v1beta1/projects/friendlychat-e0f4b [none]
[debug] [2025-01-14T03:33:57.716Z] <<< [apiv2][status] GET https://firebase.googleapis.com/v1beta1/projects/friendlychat-e0f4b 200
[debug] [2025-01-14T03:33:57.716Z] <<< [apiv2][body] GET https://firebase.googleapis.com/v1beta1/projects/friendlychat-e0f4b {"projectId":"friendlychat-e0f4b","projectNumber":"291076257964","displayName":"FriendlyChat","name":"projects/friendlychat-e0f4b","resources":{"hostingSite":"friendlychat-e0f4b"},"state":"ACTIVE","etag":"1_9746af0f-815e-497f-98b4-8005f22ff66c"}
[info] i  Using project friendlychat-e0f4b (FriendlyChat) 
[info] 
=== Dataconnect Setup
[debug] [2025-01-14T03:33:57.741Z] Checked if tokens are valid: true, expires at: 1736829235586
[debug] [2025-01-14T03:33:57.741Z] Checked if tokens are valid: true, expires at: 1736829235586
[debug] [2025-01-14T03:33:57.741Z] >>> [apiv2][query] GET https://cloudbilling.googleapis.com/v1/projects/friendlychat-e0f4b/billingInfo [none]
[debug] [2025-01-14T03:33:59.374Z] <<< [apiv2][status] GET https://cloudbilling.googleapis.com/v1/projects/friendlychat-e0f4b/billingInfo 200
[debug] [2025-01-14T03:33:59.374Z] <<< [apiv2][body] GET https://cloudbilling.googleapis.com/v1/projects/friendlychat-e0f4b/billingInfo {"name":"projects/friendlychat-e0f4b/billingInfo","projectId":"friendlychat-e0f4b","billingAccountName":"","billingEnabled":false}
[info] i  dataconnect: ensuring required API sqladmin.googleapis.com is enabled... 
[debug] [2025-01-14T03:33:59.375Z] Checked if tokens are valid: true, expires at: 1736829235586
[debug] [2025-01-14T03:33:59.376Z] Checked if tokens are valid: true, expires at: 1736829235586
[debug] [2025-01-14T03:33:59.376Z] >>> [apiv2][query] GET https://serviceusage.googleapis.com/v1/projects/friendlychat-e0f4b/services/sqladmin.googleapis.com [none]
[debug] [2025-01-14T03:33:59.376Z] >>> [apiv2][(partial)header] GET https://serviceusage.googleapis.com/v1/projects/friendlychat-e0f4b/services/sqladmin.googleapis.com x-goog-quota-user=projects/friendlychat-e0f4b
[debug] [2025-01-14T03:34:01.926Z] <<< [apiv2][status] GET https://serviceusage.googleapis.com/v1/projects/friendlychat-e0f4b/services/sqladmin.googleapis.com 200
[debug] [2025-01-14T03:34:01.926Z] <<< [apiv2][body] GET https://serviceusage.googleapis.com/v1/projects/friendlychat-e0f4b/services/sqladmin.googleapis.com [omitted]
[warn] !  dataconnect: missing required API sqladmin.googleapis.com. Enabling now... 
[debug] [2025-01-14T03:34:01.928Z] Checked if tokens are valid: true, expires at: 1736829235586
[debug] [2025-01-14T03:34:01.928Z] Checked if tokens are valid: true, expires at: 1736829235586
[debug] [2025-01-14T03:34:01.928Z] >>> [apiv2][query] POST https://serviceusage.googleapis.com/v1/projects/friendlychat-e0f4b/services/sqladmin.googleapis.com:enable [none]
[debug] [2025-01-14T03:34:01.928Z] >>> [apiv2][(partial)header] POST https://serviceusage.googleapis.com/v1/projects/friendlychat-e0f4b/services/sqladmin.googleapis.com:enable x-goog-quota-user=projects/friendlychat-e0f4b
[debug] [2025-01-14T03:34:02.439Z] <<< [apiv2][status] POST https://serviceusage.googleapis.com/v1/projects/friendlychat-e0f4b/services/sqladmin.googleapis.com:enable 200
[debug] [2025-01-14T03:34:02.439Z] <<< [apiv2][body] POST https://serviceusage.googleapis.com/v1/projects/friendlychat-e0f4b/services/sqladmin.googleapis.com:enable [omitted]
[debug] [2025-01-14T03:34:12.450Z] Checked if tokens are valid: true, expires at: 1736829235586
[debug] [2025-01-14T03:34:12.450Z] Checked if tokens are valid: true, expires at: 1736829235586
[debug] [2025-01-14T03:34:12.451Z] >>> [apiv2][query] GET https://serviceusage.googleapis.com/v1/projects/friendlychat-e0f4b/services/sqladmin.googleapis.com [none]
[debug] [2025-01-14T03:34:12.451Z] >>> [apiv2][(partial)header] GET https://serviceusage.googleapis.com/v1/projects/friendlychat-e0f4b/services/sqladmin.googleapis.com x-goog-quota-user=projects/friendlychat-e0f4b
[debug] [2025-01-14T03:34:14.192Z] <<< [apiv2][status] GET https://serviceusage.googleapis.com/v1/projects/friendlychat-e0f4b/services/sqladmin.googleapis.com 200
[debug] [2025-01-14T03:34:14.192Z] <<< [apiv2][body] GET https://serviceusage.googleapis.com/v1/projects/friendlychat-e0f4b/services/sqladmin.googleapis.com [omitted]
[info] +  dataconnect: required API sqladmin.googleapis.com is enabled 
[info] +  Wrote dataconnect\dataconnect.yaml 
[info] +  Wrote dataconnect\schema\schema.gql 
[info] +  Wrote dataconnect\connector\connector.yaml 
[info] +  Wrote dataconnect\connector\queries.gql 
[info] +  Wrote dataconnect\connector\mutations.gql 
[info] +  Detected WEB app in directory C:\Users\User\project\Angular\codelab-friendlyeats-web 
[info] i  Wrote new config to C:\Users\User\project\Angular\codelab-friendlyeats-web\dataconnect\connector/connector.yaml 
[info] i  dataconnect: downloading dataconnect-emulator-1.7.5.exe... {"metadata":{"emulator":{"name":"dataconnect"},"message":"downloading dataconnect-emulator-1.7.5.exe..."}}
[debug] [2025-01-14T03:49:03.264Z] >>> [apiv2][query] GET https://storage.googleapis.com/firemat-preview-drop/emulator/dataconnect-emulator-windows-v1.7.5 
[debug] [2025-01-14T03:49:05.524Z] <<< [apiv2][status] GET https://storage.googleapis.com/firemat-preview-drop/emulator/dataconnect-emulator-windows-v1.7.5 200
[debug] [2025-01-14T03:49:05.524Z] <<< [apiv2][body] GET https://storage.googleapis.com/firemat-preview-drop/emulator/dataconnect-emulator-windows-v1.7.5 [stream]
[info] I0114 11:49:29.559319    3496 codegen.go:82] [connector "default" javascriptSdk] Generating sources into "C:\\Users\\User\\project\\Angular\\codelab-friendlyeats-web\\dataconnect-generated\\js\\default-connector"
I0114 11:49:29.858504    3496 generate.go:40] Generated all sources. Writing them to disk...
I0114 11:49:29.880321    3496 collector.go:107] connector "default" javascriptSdk wrote into "C:\\Users\\User\\project\\Angular\\codelab-friendlyeats-web\\dataconnect-generated\\js\\default-connector"
Generated sources: package.json [634B] index.d.ts [264B] esm\index.esm.js [197B] esm\package.json [17B] index.cjs.js [238B] 
I0114 11:49:29.895771    3496 installsdk.go:76] Running command: C:\Program Files\nodejs\npm.cmd install file:dataconnect-generated\js\default-connector
E0114 11:49:39.401592    3496 installsdk.go:78] Failed to install package: exit status 1

[info] i  Generated SDK code for default 
[info] +  If you'd like to add more generated SDKs to your app your later, run firebase init dataconnect:sdk again 
[info] i  If you'd like to provision a CloudSQL Postgres instance on the Firebase Data Connect no-cost trial:
1. Please upgrade to the pay-as-you-go (Blaze) billing plan. Visit the following page:
     https://console.firebase.google.com/project/friendlychat-e0f4b/usage/details
2. Run firebase init dataconnect again to configure the Cloud SQL instance.
3. Run firebase deploy --only dataconnect to deploy your Data Connect service. 
[info] 
=== Firestore Setup
[debug] [2025-01-14T03:49:39.410Z] Checked if tokens are valid: true, expires at: 1736829235586
[debug] [2025-01-14T03:49:39.410Z] Checked if tokens are valid: true, expires at: 1736829235586
[debug] [2025-01-14T03:49:39.411Z] >>> [apiv2][query] GET https://serviceusage.googleapis.com/v1/projects/friendlychat-e0f4b/services/firestore.googleapis.com [none]
[debug] [2025-01-14T03:49:39.411Z] >>> [apiv2][(partial)header] GET https://serviceusage.googleapis.com/v1/projects/friendlychat-e0f4b/services/firestore.googleapis.com x-goog-quota-user=projects/friendlychat-e0f4b
[debug] [2025-01-14T03:49:41.348Z] <<< [apiv2][status] GET https://serviceusage.googleapis.com/v1/projects/friendlychat-e0f4b/services/firestore.googleapis.com 200
[debug] [2025-01-14T03:49:41.349Z] <<< [apiv2][body] GET https://serviceusage.googleapis.com/v1/projects/friendlychat-e0f4b/services/firestore.googleapis.com [omitted]
[debug] [2025-01-14T03:49:41.350Z] Checked if tokens are valid: true, expires at: 1736829235586
[debug] [2025-01-14T03:49:41.350Z] Checked if tokens are valid: true, expires at: 1736829235586
[debug] [2025-01-14T03:49:41.350Z] >>> [apiv2][query] GET https://firestore.googleapis.com/v1/projects/friendlychat-e0f4b/databases/(default) [none]
[debug] [2025-01-14T03:49:43.194Z] <<< [apiv2][status] GET https://firestore.googleapis.com/v1/projects/friendlychat-e0f4b/databases/(default) 200
[debug] [2025-01-14T03:49:43.194Z] <<< [apiv2][body] GET https://firestore.googleapis.com/v1/projects/friendlychat-e0f4b/databases/(default) {"name":"projects/friendlychat-e0f4b/databases/(default)","uid":"72d53c89-a5a8-4aa2-96da-3f79faf91b8f","createTime":"2024-12-31T04:16:59.409254Z","updateTime":"2024-12-31T04:16:59.409254Z","locationId":"us-west1","type":"FIRESTORE_NATIVE","concurrencyMode":"PESSIMISTIC","versionRetentionPeriod":"3600s","earliestVersionTime":"2025-01-14T02:49:44.762557Z","appEngineIntegrationMode":"DISABLED","keyPrefix":"zuw","pointInTimeRecoveryEnablement":"POINT_IN_TIME_RECOVERY_DISABLED","deleteProtectionState":"DELETE_PROTECTION_DISABLED","etag":"IP2J/Jyn9IoDMOaGmpqT0YoD"}
[debug] [2025-01-14T03:49:43.194Z] database_type: FIRESTORE_NATIVE
[debug] [2025-01-14T03:49:43.194Z] database_type: FIRESTORE_NATIVE
[debug] [2025-01-14T03:49:43.194Z] > command requires scopes: ["email","openid","https://www.googleapis.com/auth/cloudplatformprojects.readonly","https://www.googleapis.com/auth/firebase","https://www.googleapis.com/auth/cloud-platform"]
[debug] [2025-01-14T03:49:43.195Z] > authorizing via signed-in user (nureenaleesya403@gmail.com)
[debug] [2025-01-14T03:49:43.195Z] [iam] checking project friendlychat-e0f4b for permissions ["firebase.projects.get"]
[debug] [2025-01-14T03:49:43.195Z] Checked if tokens are valid: true, expires at: 1736829235586
[debug] [2025-01-14T03:49:43.196Z] Checked if tokens are valid: true, expires at: 1736829235586
[debug] [2025-01-14T03:49:43.196Z] >>> [apiv2][query] POST https://cloudresourcemanager.googleapis.com/v1/projects/friendlychat-e0f4b:testIamPermissions [none]
[debug] [2025-01-14T03:49:43.196Z] >>> [apiv2][(partial)header] POST https://cloudresourcemanager.googleapis.com/v1/projects/friendlychat-e0f4b:testIamPermissions x-goog-quota-user=projects/friendlychat-e0f4b
[debug] [2025-01-14T03:49:43.196Z] >>> [apiv2][body] POST https://cloudresourcemanager.googleapis.com/v1/projects/friendlychat-e0f4b:testIamPermissions {"permissions":["firebase.projects.get"]}
[debug] [2025-01-14T03:49:45.350Z] <<< [apiv2][status] POST https://cloudresourcemanager.googleapis.com/v1/projects/friendlychat-e0f4b:testIamPermissions 200
[debug] [2025-01-14T03:49:45.350Z] <<< [apiv2][body] POST https://cloudresourcemanager.googleapis.com/v1/projects/friendlychat-e0f4b:testIamPermissions {"permissions":["firebase.projects.get"]}
[info] 
[info] Firestore Security Rules allow you to define how and when to allow
[info] requests. You can keep these rules in your project directory
[info] and publish them with firebase deploy.
[info] 
